Traceback (most recent call last):
  File "C:\Users\saifa\AppData\Local\Programs\Python\Python310\lib\site-packages\sqlalchemy\engine\base.py", line 1967, in _exec_single_context
    self.dialect.do_execute(
  File "C:\Users\saifa\AppData\Local\Programs\Python\Python310\lib\site-packages\sqlalchemy\engine\default.py", line 952, in do_execute
    cursor.execute(statement, parameters)
psycopg2.errors.QueryCanceled: canceling statement due to statement timeout
CONTEXT:  while inserting index tuple (16,68) in relation "pg_type_typname_nsp_index"


The above exception was the direct cause of the following exception:

Traceback (most recent call last):
  File "C:\SAIF\Projects\Supermarket_Bot\backend\scripts\import_data.py", line 43, in import_data
    Base.metadata.create_all(engine)
  File "C:\Users\saifa\AppData\Local\Programs\Python\Python310\lib\site-packages\sqlalchemy\sql\schema.py", line 5928, in create_all
    bind._run_ddl_visitor(
  File "C:\Users\saifa\AppData\Local\Programs\Python\Python310\lib\site-packages\sqlalchemy\engine\base.py", line 3260, in _run_ddl_visitor
    conn._run_ddl_visitor(visitorcallable, element, **kwargs)
  File "C:\Users\saifa\AppData\Local\Programs\Python\Python310\lib\site-packages\sqlalchemy\engine\base.py", line 2467, in _run_ddl_visitor
    ).traverse_single(element)
  File "C:\Users\saifa\AppData\Local\Programs\Python\Python310\lib\site-packages\sqlalchemy\sql\visitors.py", line 661, in traverse_single
    return meth(obj, **kw)
  File "C:\Users\saifa\AppData\Local\Programs\Python\Python310\lib\site-packages\sqlalchemy\sql\ddl.py", line 984, in visit_metadata
    self.traverse_single(
  File "C:\Users\saifa\AppData\Local\Programs\Python\Python310\lib\site-packages\sqlalchemy\sql\visitors.py", line 661, in traverse_single
    return meth(obj, **kw)
  File "C:\Users\saifa\AppData\Local\Programs\Python\Python310\lib\site-packages\sqlalchemy\sql\ddl.py", line 1022, in visit_table
    )._invoke_with(self.connection)
  File "C:\Users\saifa\AppData\Local\Programs\Python\Python310\lib\site-packages\sqlalchemy\sql\ddl.py", line 321, in _invoke_with
    return bind.execute(self)
  File "C:\Users\saifa\AppData\Local\Programs\Python\Python310\lib\site-packages\sqlalchemy\engine\base.py", line 1419, in execute
    return meth(
  File "C:\Users\saifa\AppData\Local\Programs\Python\Python310\lib\site-packages\sqlalchemy\sql\ddl.py", line 187, in _execute_on_connection
    return connection._execute_ddl(
  File "C:\Users\saifa\AppData\Local\Programs\Python\Python310\lib\site-packages\sqlalchemy\engine\base.py", line 1530, in _execute_ddl
    ret = self._execute_context(
  File "C:\Users\saifa\AppData\Local\Programs\Python\Python310\lib\site-packages\sqlalchemy\engine\base.py", line 1846, in _execute_context
    return self._exec_single_context(
  File "C:\Users\saifa\AppData\Local\Programs\Python\Python310\lib\site-packages\sqlalchemy\engine\base.py", line 1986, in _exec_single_context
    self._handle_dbapi_exception(
  File "C:\Users\saifa\AppData\Local\Programs\Python\Python310\lib\site-packages\sqlalchemy\engine\base.py", line 2363, in _handle_dbapi_exception
    raise sqlalchemy_exception.with_traceback(exc_info[2]) from e
  File "C:\Users\saifa\AppData\Local\Programs\Python\Python310\lib\site-packages\sqlalchemy\engine\base.py", line 1967, in _exec_single_context
    self.dialect.do_execute(
  File "C:\Users\saifa\AppData\Local\Programs\Python\Python310\lib\site-packages\sqlalchemy\engine\default.py", line 952, in do_execute
    cursor.execute(statement, parameters)
sqlalchemy.exc.OperationalError: (psycopg2.errors.QueryCanceled) canceling statement due to statement timeout
CONTEXT:  while inserting index tuple (16,68) in relation "pg_type_typname_nsp_index"

[SQL: 
CREATE TABLE products (
	index SERIAL NOT NULL, 
	product VARCHAR, 
	category VARCHAR, 
	sub_category VARCHAR, 
	brand VARCHAR, 
	sale_price FLOAT, 
	market_price FLOAT, 
	type VARCHAR, 
	rating FLOAT, 
	description TEXT, 
	PRIMARY KEY (index)
)

]
(Background on this error at: https://sqlalche.me/e/20/e3q8)

Error: (psycopg2.errors.QueryCanceled) canceling statement due to statement timeout
CONTEXT:  while inserting index tuple (16,68) in relation "pg_type_typname_nsp_index"

[SQL: 
CREATE TABLE products (
	index SERIAL NOT NULL, 
	product VARCHAR, 
	category VARCHAR, 
	sub_category VARCHAR, 
	brand VARCHAR, 
	sale_price FLOAT, 
	market_price FLOAT, 
	type VARCHAR, 
	rating FLOAT, 
	description TEXT, 
	PRIMARY KEY (index)
)

]
(Background on this error at: https://sqlalche.me/e/20/e3q8)